C51 COMPILER V9.54   MAIN                                                                  08/09/2016 23:36:30 PAGE 1   


C51 COMPILER V9.54, COMPILATION OF MODULE MAIN
OBJECT MODULE PLACED IN .\Objects\main.obj
COMPILER INVOKED BY: C:\Keil_v5\C51\BIN\C51.EXE main.c OPTIMIZE(8,SPEED) BROWSE DEBUG OBJECTEXTEND PRINT(.\Listings\main
                    -.lst) TABS(2) OBJECT(.\Objects\main.obj)

line level    source

   1          #include <REG8051_H.h>
   2          //
   3          #define RS_lcd P3_7
   4          #define RW_lcd P3_6
   5          #define E_lcd P3_5
   6          #define DATA_lcd P2
   7          //
   8          static unsigned char  lcd_num;
   9          static char lcd_line; //bit
  10          //
  11          void lcd_wait();
  12          void set_lcd(char char_command,unsigned char lcd_d);
  13          void lcd_setup();
  14          void lcd_clear();
  15          void lcd_write(unsigned char lcd_data);
  16          void lcd_home();
  17          void lcd_line2();
  18          //
  19          void main() {
  20   1        lcd_setup();
  21   1        char helloWorld[] = ["Hello World"];
*** ERROR C141 IN LINE 21 OF main.c: syntax error near 'char'
*** ERROR C141 IN LINE 21 OF main.c: syntax error near ']'
  22   1        char index;
*** ERROR C141 IN LINE 22 OF main.c: syntax error near 'char'
*** ERROR C202 IN LINE 22 OF main.c: 'index': undefined identifier
  23   1        for(index = 0;index<11;index++) {
*** ERROR C202 IN LINE 23 OF main.c: 'index': undefined identifier
  24   2           lcd_write(helloWorld[index]);
*** ERROR C202 IN LINE 24 OF main.c: 'index': undefined identifier
  25   2      }
  26   1        while(1);
  27   1      
  28   1      }
  29          //
  30          void lcd_write(unsigned char lcd_data) {
  31   1          set_lcd(1,lcd_data);
  32   1      
  33   1          if(lcd_num == 0x0f) {
  34   2              if(lcd_line)
  35   2              lcd_home();
  36   2              else
  37   2              lcd_line2();
  38   2      
  39   2          }
  40   1          else
  41   1              lcd_num++;
  42   1      
  43   1      }
  44          //
  45          void lcd_wait() {
  46   1        unsigned short lcd_t1;
  47   1        for(lcd_t1=300;lcd_t1 != 0;lcd_t1--);
  48   1      }
C51 COMPILER V9.54   MAIN                                                                  08/09/2016 23:36:30 PAGE 2   

  49          //
  50          void set_lcd(char char_command,unsigned char lcd_d) {
  51   1        RW_lcd = 0;
  52   1        E_lcd = 1;
  53   1        RS_lcd = char_command; 
  54   1        DATA_lcd = lcd_d;
  55   1        E_lcd = 0;
  56   1        lcd_wait();
  57   1        E_lcd = 1;
  58   1        lcd_wait();
  59   1      
  60   1      }
  61          //
  62          void lcd_setup() {
  63   1        unsigned char lcd_i;
  64   1        lcd_line = 0;
  65   1        lcd_num = 0;
  66   1        for(lcd_i = 0;lcd_i<10;lcd_i++);
  67   1        lcd_wait();
  68   1      }
  69          //
  70          void lcd_clear() {
  71   1        set_lcd(0,0x01);
  72   1      }
  73          //
  74          void lcd_home() {
  75   1          lcd_num = 0;
  76   1          lcd_line = 0;
  77   1          set_lcd(0,0x02);
  78   1      }
  79          //
  80          void lcd_line2(){
  81   1          lcd_num = 0;
  82   1          lcd_line = 1;
  83   1          set_lcd(0,0xc0);
  84   1      
  85   1      }
  86          //

C51 COMPILATION COMPLETE.  0 WARNING(S),  6 ERROR(S)
